[  189226ms] [ERROR] p: MISSING_MESSAGE: Onboarding (fr)
    at https://etutor.elearning.portfolio2.kimbetien.com/_next/static/chunks/16i0.zh-_dpsy.js:4:6475
    at https://etutor.elearning.portfolio2.kimbetien.com/_next/static/chunks/16i0.zh-_dpsy.js:4:6511
    at Object.useMemo (https://etutor.elearning.portfolio2.kimbetien.com/_next/static/chunks/072o~~xggdhf4.js:2:76522)
    at r.useMemo (https://etutor.elearning.portfolio2.kimbetien.com/_next/static/chunks/0j~c2do6o3m7-.js:2:9960)
    at https://etutor.elearning.portfolio2.kimbetien.com/_next/static/chunks/16i0.zh-_dpsy.js:4:6336
    at https://etutor.elearning.portfolio2.kimbetien.com/_next/static/chunks/16i0.zh-_dpsy.js:4:7839
    at https://etutor.elearning.portfolio2.kimbetien.com/_next/static/chunks/0ha232u3c8060.js:2:195
    at https://etutor.elearning.portfolio2.kimbetien.com/_next/static/chunks/025g8-pyhzp.l.js:2:44466
    at ay (https://etutor.elearning.portfolio2.kimbetien.com/_next/static/chunks/072o~~xggdhf4.js:2:63845)
    at oJ (https://etutor.elearning.portfolio2.kimbetien.com/_next/static/chunks/072o~~xggdhf4.js:2:84102) @ https://etutor.elearning.portfolio2.kimbetien.com/_next/static/chunks/16i0.zh-_dpsy.js:3
[  189226ms] [ERROR] p: MISSING_MESSAGE: Onboarding (fr)
    at https://etutor.elearning.portfolio2.kimbetien.com/_next/static/chunks/16i0.zh-_dpsy.js:4:6475
    at https://etutor.elearning.portfolio2.kimbetien.com/_next/static/chunks/16i0.zh-_dpsy.js:4:6511
    at Object.useMemo (https://etutor.elearning.portfolio2.kimbetien.com/_next/static/chunks/072o~~xggdhf4.js:2:76522)
    at r.useMemo (https://etutor.elearning.portfolio2.kimbetien.com/_next/static/chunks/0j~c2do6o3m7-.js:2:9960)
    at https://etutor.elearning.portfolio2.kimbetien.com/_next/static/chunks/16i0.zh-_dpsy.js:4:6336
    at https://etutor.elearning.portfolio2.kimbetien.com/_next/static/chunks/16i0.zh-_dpsy.js:4:7839
    at https://etutor.elearning.portfolio2.kimbetien.com/_next/static/chunks/0ha232u3c8060.js:2:195
    at https://etutor.elearning.portfolio2.kimbetien.com/_next/static/chunks/025g8-pyhzp.l.js:2:44466
    at ay (https://etutor.elearning.portfolio2.kimbetien.com/_next/static/chunks/072o~~xggdhf4.js:2:63845)
    at oJ (https://etutor.elearning.portfolio2.kimbetien.com/_next/static/chunks/072o~~xggdhf4.js:2:84102) @ https://etutor.elearning.portfolio2.kimbetien.com/_next/static/chunks/16i0.zh-_dpsy.js:3
[  189226ms] [ERROR] p: MISSING_MESSAGE: Onboarding (fr)
    at https://etutor.elearning.portfolio2.kimbetien.com/_next/static/chunks/16i0.zh-_dpsy.js:4:6475
    at https://etutor.elearning.portfolio2.kimbetien.com/_next/static/chunks/16i0.zh-_dpsy.js:4:6511
    at Object.useMemo (https://etutor.elearning.portfolio2.kimbetien.com/_next/static/chunks/072o~~xggdhf4.js:2:76522)
    at r.useMemo (https://etutor.elearning.portfolio2.kimbetien.com/_next/static/chunks/0j~c2do6o3m7-.js:2:9960)
    at https://etutor.elearning.portfolio2.kimbetien.com/_next/static/chunks/16i0.zh-_dpsy.js:4:6336
    at https://etutor.elearning.portfolio2.kimbetien.com/_next/static/chunks/16i0.zh-_dpsy.js:4:7839
    at https://etutor.elearning.portfolio2.kimbetien.com/_next/static/chunks/0ha232u3c8060.js:2:195
    at https://etutor.elearning.portfolio2.kimbetien.com/_next/static/chunks/025g8-pyhzp.l.js:2:44466
    at ay (https://etutor.elearning.portfolio2.kimbetien.com/_next/static/chunks/072o~~xggdhf4.js:2:63845)
    at oJ (https://etutor.elearning.portfolio2.kimbetien.com/_next/static/chunks/072o~~xggdhf4.js:2:84102) @ https://etutor.elearning.portfolio2.kimbetien.com/_next/static/chunks/16i0.zh-_dpsy.js:3
[  189227ms] [ERROR] p: MISSING_MESSAGE: Onboarding (fr)
    at https://etutor.elearning.portfolio2.kimbetien.com/_next/static/chunks/16i0.zh-_dpsy.js:4:6475
    at https://etutor.elearning.portfolio2.kimbetien.com/_next/static/chunks/16i0.zh-_dpsy.js:4:6511
    at Object.useMemo (https://etutor.elearning.portfolio2.kimbetien.com/_next/static/chunks/072o~~xggdhf4.js:2:76522)
    at r.useMemo (https://etutor.elearning.portfolio2.kimbetien.com/_next/static/chunks/0j~c2do6o3m7-.js:2:9960)
    at https://etutor.elearning.portfolio2.kimbetien.com/_next/static/chunks/16i0.zh-_dpsy.js:4:6336
    at https://etutor.elearning.portfolio2.kimbetien.com/_next/static/chunks/16i0.zh-_dpsy.js:4:7839
    at https://etutor.elearning.portfolio2.kimbetien.com/_next/static/chunks/0ha232u3c8060.js:2:195
    at https://etutor.elearning.portfolio2.kimbetien.com/_next/static/chunks/025g8-pyhzp.l.js:2:44466
    at ay (https://etutor.elearning.portfolio2.kimbetien.com/_next/static/chunks/072o~~xggdhf4.js:2:63845)
    at oJ (https://etutor.elearning.portfolio2.kimbetien.com/_next/static/chunks/072o~~xggdhf4.js:2:84102) @ https://etutor.elearning.portfolio2.kimbetien.com/_next/static/chunks/16i0.zh-_dpsy.js:3
[  189227ms] [ERROR] p: MISSING_MESSAGE: Onboarding (fr)
    at https://etutor.elearning.portfolio2.kimbetien.com/_next/static/chunks/16i0.zh-_dpsy.js:4:6475
    at https://etutor.elearning.portfolio2.kimbetien.com/_next/static/chunks/16i0.zh-_dpsy.js:4:6511
    at Object.useMemo (https://etutor.elearning.portfolio2.kimbetien.com/_next/static/chunks/072o~~xggdhf4.js:2:76522)
    at r.useMemo (https://etutor.elearning.portfolio2.kimbetien.com/_next/static/chunks/0j~c2do6o3m7-.js:2:9960)
    at https://etutor.elearning.portfolio2.kimbetien.com/_next/static/chunks/16i0.zh-_dpsy.js:4:6336
    at https://etutor.elearning.portfolio2.kimbetien.com/_next/static/chunks/16i0.zh-_dpsy.js:4:7839
    at https://etutor.elearning.portfolio2.kimbetien.com/_next/static/chunks/0ha232u3c8060.js:2:195
    at https://etutor.elearning.portfolio2.kimbetien.com/_next/static/chunks/025g8-pyhzp.l.js:2:44466
    at ay (https://etutor.elearning.portfolio2.kimbetien.com/_next/static/chunks/072o~~xggdhf4.js:2:63845)
    at oJ (https://etutor.elearning.portfolio2.kimbetien.com/_next/static/chunks/072o~~xggdhf4.js:2:84102) @ https://etutor.elearning.portfolio2.kimbetien.com/_next/static/chunks/16i0.zh-_dpsy.js:3
[  189244ms] [ERROR] p: MISSING_MESSAGE: Onboarding.step1 (fr)
    at https://etutor.elearning.portfolio2.kimbetien.com/_next/static/chunks/16i0.zh-_dpsy.js:4:6475
    at https://etutor.elearning.portfolio2.kimbetien.com/_next/static/chunks/16i0.zh-_dpsy.js:4:6511
    at Object.useMemo (https://etutor.elearning.portfolio2.kimbetien.com/_next/static/chunks/072o~~xggdhf4.js:2:76522)
    at r.useMemo (https://etutor.elearning.portfolio2.kimbetien.com/_next/static/chunks/0j~c2do6o3m7-.js:2:9960)
    at https://etutor.elearning.portfolio2.kimbetien.com/_next/static/chunks/16i0.zh-_dpsy.js:4:6336
    at https://etutor.elearning.portfolio2.kimbetien.com/_next/static/chunks/16i0.zh-_dpsy.js:4:7839
    at https://etutor.elearning.portfolio2.kimbetien.com/_next/static/chunks/0ha232u3c8060.js:2:195
    at d (https://etutor.elearning.portfolio2.kimbetien.com/_next/static/chunks/025g8-pyhzp.l.js:2:393)
    at ay (https://etutor.elearning.portfolio2.kimbetien.com/_next/static/chunks/072o~~xggdhf4.js:2:63845)
    at oJ (https://etutor.elearning.portfolio2.kimbetien.com/_next/static/chunks/072o~~xggdhf4.js:2:84102) @ https://etutor.elearning.portfolio2.kimbetien.com/_next/static/chunks/16i0.zh-_dpsy.js:3
[  189244ms] [ERROR] p: MISSING_MESSAGE: Onboarding.step1 (fr)
    at https://etutor.elearning.portfolio2.kimbetien.com/_next/static/chunks/16i0.zh-_dpsy.js:4:6475
    at https://etutor.elearning.portfolio2.kimbetien.com/_next/static/chunks/16i0.zh-_dpsy.js:4:6511
    at Object.useMemo (https://etutor.elearning.portfolio2.kimbetien.com/_next/static/chunks/072o~~xggdhf4.js:2:76522)
    at r.useMemo (https://etutor.elearning.portfolio2.kimbetien.com/_next/static/chunks/0j~c2do6o3m7-.js:2:9960)
    at https://etutor.elearning.portfolio2.kimbetien.com/_next/static/chunks/16i0.zh-_dpsy.js:4:6336
    at https://etutor.elearning.portfolio2.kimbetien.com/_next/static/chunks/16i0.zh-_dpsy.js:4:7839
    at https://etutor.elearning.portfolio2.kimbetien.com/_next/static/chunks/0ha232u3c8060.js:2:195
    at d (https://etutor.elearning.portfolio2.kimbetien.com/_next/static/chunks/025g8-pyhzp.l.js:2:393)
    at ay (https://etutor.elearning.portfolio2.kimbetien.com/_next/static/chunks/072o~~xggdhf4.js:2:63845)
    at oJ (https://etutor.elearning.portfolio2.kimbetien.com/_next/static/chunks/072o~~xggdhf4.js:2:84102) @ https://etutor.elearning.portfolio2.kimbetien.com/_next/static/chunks/16i0.zh-_dpsy.js:3
[  189244ms] [ERROR] p: MISSING_MESSAGE: Onboarding.step1 (fr)
    at https://etutor.elearning.portfolio2.kimbetien.com/_next/static/chunks/16i0.zh-_dpsy.js:4:6475
    at https://etutor.elearning.portfolio2.kimbetien.com/_next/static/chunks/16i0.zh-_dpsy.js:4:6511
    at Object.useMemo (https://etutor.elearning.portfolio2.kimbetien.com/_next/static/chunks/072o~~xggdhf4.js:2:76522)
    at r.useMemo (https://etutor.elearning.portfolio2.kimbetien.com/_next/static/chunks/0j~c2do6o3m7-.js:2:9960)
    at https://etutor.elearning.portfolio2.kimbetien.com/_next/static/chunks/16i0.zh-_dpsy.js:4:6336
    at https://etutor.elearning.portfolio2.kimbetien.com/_next/static/chunks/16i0.zh-_dpsy.js:4:7839
    at https://etutor.elearning.portfolio2.kimbetien.com/_next/static/chunks/0ha232u3c8060.js:2:195
    at d (https://etutor.elearning.portfolio2.kimbetien.com/_next/static/chunks/025g8-pyhzp.l.js:2:393)
    at ay (https://etutor.elearning.portfolio2.kimbetien.com/_next/static/chunks/072o~~xggdhf4.js:2:63845)
    at oJ (https://etutor.elearning.portfolio2.kimbetien.com/_next/static/chunks/072o~~xggdhf4.js:2:84102) @ https://etutor.elearning.portfolio2.kimbetien.com/_next/static/chunks/16i0.zh-_dpsy.js:3
[  189245ms] [ERROR] p: MISSING_MESSAGE: Onboarding.step1 (fr)
    at https://etutor.elearning.portfolio2.kimbetien.com/_next/static/chunks/16i0.zh-_dpsy.js:4:6475
    at https://etutor.elearning.portfolio2.kimbetien.com/_next/static/chunks/16i0.zh-_dpsy.js:4:6511
    at Object.useMemo (https://etutor.elearning.portfolio2.kimbetien.com/_next/static/chunks/072o~~xggdhf4.js:2:76522)
    at r.useMemo (https://etutor.elearning.portfolio2.kimbetien.com/_next/static/chunks/0j~c2do6o3m7-.js:2:9960)
    at https://etutor.elearning.portfolio2.kimbetien.com/_next/static/chunks/16i0.zh-_dpsy.js:4:6336
    at https://etutor.elearning.portfolio2.kimbetien.com/_next/static/chunks/16i0.zh-_dpsy.js:4:7839
    at https://etutor.elearning.portfolio2.kimbetien.com/_next/static/chunks/0ha232u3c8060.js:2:195
    at d (https://etutor.elearning.portfolio2.kimbetien.com/_next/static/chunks/025g8-pyhzp.l.js:2:393)
    at ay (https://etutor.elearning.portfolio2.kimbetien.com/_next/static/chunks/072o~~xggdhf4.js:2:63845)
    at oJ (https://etutor.elearning.portfolio2.kimbetien.com/_next/static/chunks/072o~~xggdhf4.js:2:84102) @ https://etutor.elearning.portfolio2.kimbetien.com/_next/static/chunks/16i0.zh-_dpsy.js:3
