[    1263ms] [INFO] Banner not shown: beforeinstallpromptevent.preventDefault() called. The page must call beforeinstallpromptevent.prompt() to show the banner. @ https://etutor.elearning.portfolio2.kimbetien.com/fr/dashboard:0
[    1870ms] [ERROR] Failed to load resource: the server responded with a status of 401 () @ https://api.elearning.portfolio2.kimbetien.com/api/v1/flashcards/upcoming:0
[    1872ms] [ERROR] Failed to load resource: the server responded with a status of 401 () @ https://api.elearning.portfolio2.kimbetien.com/api/v1/dashboard/stats:0
[    4128ms] [ERROR] Failed to load resource: the server responded with a status of 401 () @ https://api.elearning.portfolio2.kimbetien.com/api/v1/dashboard/stats:0
[    4130ms] [ERROR] Failed to load resource: the server responded with a status of 401 () @ https://api.elearning.portfolio2.kimbetien.com/api/v1/flashcards/upcoming:0
[   34317ms] [ERROR] Failed to load resource: the server responded with a status of 401 () @ https://api.elearning.portfolio2.kimbetien.com/api/v1/dashboard/stats:0
[   35507ms] [ERROR] Failed to load resource: the server responded with a status of 401 () @ https://api.elearning.portfolio2.kimbetien.com/api/v1/dashboard/stats:0
[   64277ms] [ERROR] Failed to load resource: the server responded with a status of 401 () @ https://api.elearning.portfolio2.kimbetien.com/api/v1/flashcards/upcoming:0
[   65486ms] [ERROR] Failed to load resource: the server responded with a status of 401 () @ https://api.elearning.portfolio2.kimbetien.com/api/v1/flashcards/upcoming:0
[   65648ms] [ERROR] Failed to load resource: the server responded with a status of 401 () @ https://api.elearning.portfolio2.kimbetien.com/api/v1/dashboard/stats:0
[   66838ms] [ERROR] Failed to load resource: the server responded with a status of 401 () @ https://api.elearning.portfolio2.kimbetien.com/api/v1/dashboard/stats:0
[   96973ms] [ERROR] Failed to load resource: the server responded with a status of 401 () @ https://api.elearning.portfolio2.kimbetien.com/api/v1/dashboard/stats:0
[   98168ms] [ERROR] Failed to load resource: the server responded with a status of 401 () @ https://api.elearning.portfolio2.kimbetien.com/api/v1/dashboard/stats:0
[  125634ms] [ERROR] Failed to load resource: the server responded with a status of 401 () @ https://api.elearning.portfolio2.kimbetien.com/api/v1/flashcards/upcoming:0
[  126825ms] [ERROR] Failed to load resource: the server responded with a status of 401 () @ https://api.elearning.portfolio2.kimbetien.com/api/v1/flashcards/upcoming:0
[  128340ms] [ERROR] Failed to load resource: the server responded with a status of 401 () @ https://api.elearning.portfolio2.kimbetien.com/api/v1/dashboard/stats:0
[  129536ms] [ERROR] Failed to load resource: the server responded with a status of 401 () @ https://api.elearning.portfolio2.kimbetien.com/api/v1/dashboard/stats:0
[  159717ms] [ERROR] Failed to load resource: the server responded with a status of 401 () @ https://api.elearning.portfolio2.kimbetien.com/api/v1/dashboard/stats:0
[  160897ms] [ERROR] Failed to load resource: the server responded with a status of 401 () @ https://api.elearning.portfolio2.kimbetien.com/api/v1/dashboard/stats:0
[  187008ms] [ERROR] Failed to load resource: the server responded with a status of 401 () @ https://api.elearning.portfolio2.kimbetien.com/api/v1/flashcards/upcoming:0
[  189596ms] [ERROR] Failed to load resource: the server responded with a status of 401 () @ https://api.elearning.portfolio2.kimbetien.com/api/v1/flashcards/upcoming:0
[  193012ms] [ERROR] Failed to load resource: the server responded with a status of 401 () @ https://api.elearning.portfolio2.kimbetien.com/api/v1/dashboard/stats:0
[  194175ms] [ERROR] Failed to load resource: the server responded with a status of 401 () @ https://api.elearning.portfolio2.kimbetien.com/api/v1/dashboard/stats:0
[  224319ms] [ERROR] Failed to load resource: the server responded with a status of 401 () @ https://api.elearning.portfolio2.kimbetien.com/api/v1/dashboard/stats:0
[  225518ms] [ERROR] Failed to load resource: the server responded with a status of 401 () @ https://api.elearning.portfolio2.kimbetien.com/api/v1/dashboard/stats:0
[  249747ms] [ERROR] Failed to load resource: the server responded with a status of 401 () @ https://api.elearning.portfolio2.kimbetien.com/api/v1/flashcards/upcoming:0
[  250945ms] [ERROR] Failed to load resource: the server responded with a status of 401 () @ https://api.elearning.portfolio2.kimbetien.com/api/v1/flashcards/upcoming:0
[  255672ms] [ERROR] Failed to load resource: the server responded with a status of 401 () @ https://api.elearning.portfolio2.kimbetien.com/api/v1/dashboard/stats:0
[  256883ms] [ERROR] Failed to load resource: the server responded with a status of 401 () @ https://api.elearning.portfolio2.kimbetien.com/api/v1/dashboard/stats:0
[  287032ms] [ERROR] Failed to load resource: the server responded with a status of 401 () @ https://api.elearning.portfolio2.kimbetien.com/api/v1/dashboard/stats:0
[  288194ms] [ERROR] Failed to load resource: the server responded with a status of 401 () @ https://api.elearning.portfolio2.kimbetien.com/api/v1/dashboard/stats:0
[  311155ms] [ERROR] Failed to load resource: the server responded with a status of 401 () @ https://api.elearning.portfolio2.kimbetien.com/api/v1/flashcards/upcoming:0
[  312346ms] [ERROR] Failed to load resource: the server responded with a status of 401 () @ https://api.elearning.portfolio2.kimbetien.com/api/v1/flashcards/upcoming:0
[  318344ms] [ERROR] Failed to load resource: the server responded with a status of 401 () @ https://api.elearning.portfolio2.kimbetien.com/api/v1/dashboard/stats:0
[  319549ms] [ERROR] Failed to load resource: the server responded with a status of 401 () @ https://api.elearning.portfolio2.kimbetien.com/api/v1/dashboard/stats:0
[  349693ms] [ERROR] Failed to load resource: the server responded with a status of 401 () @ https://api.elearning.portfolio2.kimbetien.com/api/v1/dashboard/stats:0
[  350830ms] [ERROR] Failed to load resource: the server responded with a status of 401 () @ https://api.elearning.portfolio2.kimbetien.com/api/v1/dashboard/stats:0
[  372520ms] [ERROR] Failed to load resource: the server responded with a status of 401 () @ https://api.elearning.portfolio2.kimbetien.com/api/v1/flashcards/upcoming:0
[  373711ms] [ERROR] Failed to load resource: the server responded with a status of 401 () @ https://api.elearning.portfolio2.kimbetien.com/api/v1/flashcards/upcoming:0
[  380956ms] [ERROR] Failed to load resource: the server responded with a status of 401 () @ https://api.elearning.portfolio2.kimbetien.com/api/v1/dashboard/stats:0
[  382112ms] [ERROR] Failed to load resource: the server responded with a status of 401 () @ https://api.elearning.portfolio2.kimbetien.com/api/v1/dashboard/stats:0
[  412312ms] [ERROR] Failed to load resource: the server responded with a status of 401 () @ https://api.elearning.portfolio2.kimbetien.com/api/v1/dashboard/stats:0
[  413518ms] [ERROR] Failed to load resource: the server responded with a status of 401 () @ https://api.elearning.portfolio2.kimbetien.com/api/v1/dashboard/stats:0
[  433916ms] [ERROR] Failed to load resource: the server responded with a status of 401 () @ https://api.elearning.portfolio2.kimbetien.com/api/v1/flashcards/upcoming:0
[  435179ms] [ERROR] Failed to load resource: the server responded with a status of 401 () @ https://api.elearning.portfolio2.kimbetien.com/api/v1/flashcards/upcoming:0
[  443677ms] [ERROR] Failed to load resource: the server responded with a status of 401 () @ https://api.elearning.portfolio2.kimbetien.com/api/v1/dashboard/stats:0
[  444868ms] [ERROR] Failed to load resource: the server responded with a status of 401 () @ https://api.elearning.portfolio2.kimbetien.com/api/v1/dashboard/stats:0
[  475089ms] [ERROR] Failed to load resource: the server responded with a status of 401 () @ https://api.elearning.portfolio2.kimbetien.com/api/v1/dashboard/stats:0
[  476234ms] [ERROR] Failed to load resource: the server responded with a status of 401 () @ https://api.elearning.portfolio2.kimbetien.com/api/v1/dashboard/stats:0
[  495457ms] [ERROR] Failed to load resource: the server responded with a status of 401 () @ https://api.elearning.portfolio2.kimbetien.com/api/v1/flashcards/upcoming:0
[  497093ms] [ERROR] Failed to load resource: the server responded with a status of 401 () @ https://api.elearning.portfolio2.kimbetien.com/api/v1/flashcards/upcoming:0
[  506375ms] [ERROR] Failed to load resource: the server responded with a status of 401 () @ https://api.elearning.portfolio2.kimbetien.com/api/v1/dashboard/stats:0
[  507505ms] [ERROR] Failed to load resource: the server responded with a status of 401 () @ https://api.elearning.portfolio2.kimbetien.com/api/v1/dashboard/stats:0
[  539662ms] [ERROR] Failed to load resource: the server responded with a status of 401 () @ https://api.elearning.portfolio2.kimbetien.com/api/v1/dashboard/stats:0
[  540875ms] [ERROR] Failed to load resource: the server responded with a status of 401 () @ https://api.elearning.portfolio2.kimbetien.com/api/v1/dashboard/stats:0
[  557224ms] [ERROR] Failed to load resource: the server responded with a status of 401 () @ https://api.elearning.portfolio2.kimbetien.com/api/v1/flashcards/upcoming:0
[  558351ms] [ERROR] Failed to load resource: the server responded with a status of 401 () @ https://api.elearning.portfolio2.kimbetien.com/api/v1/flashcards/upcoming:0
[  571256ms] [ERROR] Failed to load resource: the server responded with a status of 401 () @ https://api.elearning.portfolio2.kimbetien.com/api/v1/dashboard/stats:0
[  572431ms] [ERROR] Failed to load resource: the server responded with a status of 401 () @ https://api.elearning.portfolio2.kimbetien.com/api/v1/dashboard/stats:0
[  585066ms] [ERROR] Failed to load resource: the server responded with a status of 401 () @ https://api.elearning.portfolio2.kimbetien.com/api/v1/dashboard/stats:0
[  585067ms] [ERROR] Failed to load resource: the server responded with a status of 401 () @ https://api.elearning.portfolio2.kimbetien.com/api/v1/flashcards/upcoming:0
[  585343ms] [INFO] Banner not shown: beforeinstallpromptevent.preventDefault() called. The page must call beforeinstallpromptevent.prompt() to show the banner. @ https://etutor.elearning.portfolio2.kimbetien.com/fr/dashboard:0
[  586276ms] [ERROR] Failed to load resource: the server responded with a status of 401 () @ https://api.elearning.portfolio2.kimbetien.com/api/v1/dashboard/stats:0
[  586277ms] [ERROR] Failed to load resource: the server responded with a status of 401 () @ https://api.elearning.portfolio2.kimbetien.com/api/v1/flashcards/upcoming:0
[  616734ms] [ERROR] Failed to load resource: the server responded with a status of 401 () @ https://api.elearning.portfolio2.kimbetien.com/api/v1/dashboard/stats:0
[  618009ms] [ERROR] Failed to load resource: the server responded with a status of 401 () @ https://api.elearning.portfolio2.kimbetien.com/api/v1/dashboard/stats:0
[  646669ms] [ERROR] Failed to load resource: the server responded with a status of 401 () @ https://api.elearning.portfolio2.kimbetien.com/api/v1/flashcards/upcoming:0
[  647844ms] [ERROR] Failed to load resource: the server responded with a status of 401 () @ https://api.elearning.portfolio2.kimbetien.com/api/v1/flashcards/upcoming:0
[  648163ms] [ERROR] Failed to load resource: the server responded with a status of 401 () @ https://api.elearning.portfolio2.kimbetien.com/api/v1/dashboard/stats:0
[  649357ms] [ERROR] Failed to load resource: the server responded with a status of 401 () @ https://api.elearning.portfolio2.kimbetien.com/api/v1/dashboard/stats:0
[  679682ms] [ERROR] Failed to load resource: the server responded with a status of 401 () @ https://api.elearning.portfolio2.kimbetien.com/api/v1/dashboard/stats:0
[  680980ms] [ERROR] Failed to load resource: the server responded with a status of 401 () @ https://api.elearning.portfolio2.kimbetien.com/api/v1/dashboard/stats:0
[  708193ms] [ERROR] Failed to load resource: the server responded with a status of 401 () @ https://api.elearning.portfolio2.kimbetien.com/api/v1/flashcards/upcoming:0
[  709483ms] [ERROR] Failed to load resource: the server responded with a status of 401 () @ https://api.elearning.portfolio2.kimbetien.com/api/v1/flashcards/upcoming:0
[  712142ms] [ERROR] Failed to load resource: the server responded with a status of 401 () @ https://api.elearning.portfolio2.kimbetien.com/api/v1/dashboard/stats:0
[  714949ms] [ERROR] Failed to load resource: the server responded with a status of 401 () @ https://api.elearning.portfolio2.kimbetien.com/api/v1/dashboard/stats:0
